{"C:\\Users\\tathianesouza\\Documents\\Github\\delivery-manager-front\\src\\App.tsx": {"path":"C:\\Users\\tathianesouza\\Documents\\Github\\delivery-manager-front\\src\\App.tsx","statementMap":{"0":{"start":{"line":10,"column":2},"end":{"line":27,"column":4}}},"fnMap":{"0":{"name":"App","decl":{"start":{"line":9,"column":16},"end":{"line":9,"column":19}},"loc":{"start":{"line":9,"column":22},"end":{"line":28,"column":1}},"line":9}},"branchMap":{},"s":{"0":0},"f":{"0":0},"b":{}}
,"C:\\Users\\tathianesouza\\Documents\\Github\\delivery-manager-front\\src\\index.tsx": {"path":"C:\\Users\\tathianesouza\\Documents\\Github\\delivery-manager-front\\src\\index.tsx","statementMap":{"0":{"start":{"line":8,"column":13},"end":{"line":10,"column":1}},"1":{"start":{"line":11,"column":0},"end":{"line":15,"column":2}},"2":{"start":{"line":20,"column":0},"end":{"line":20,"column":18}}},"fnMap":{},"branchMap":{},"s":{"0":0,"1":0,"2":0},"f":{},"b":{}}
,"C:\\Users\\tathianesouza\\Documents\\Github\\delivery-manager-front\\src\\reportWebVitals.ts": {"path":"C:\\Users\\tathianesouza\\Documents\\Github\\delivery-manager-front\\src\\reportWebVitals.ts","statementMap":{"0":{"start":{"line":3,"column":24},"end":{"line":13,"column":1}},"1":{"start":{"line":4,"column":2},"end":{"line":12,"column":3}},"2":{"start":{"line":5,"column":4},"end":{"line":11,"column":7}},"3":{"start":{"line":6,"column":6},"end":{"line":6,"column":26}},"4":{"start":{"line":7,"column":6},"end":{"line":7,"column":26}},"5":{"start":{"line":8,"column":6},"end":{"line":8,"column":26}},"6":{"start":{"line":9,"column":6},"end":{"line":9,"column":26}},"7":{"start":{"line":10,"column":6},"end":{"line":10,"column":27}}},"fnMap":{"0":{"name":"(anonymous_0)","decl":{"start":{"line":3,"column":24},"end":{"line":3,"column":25}},"loc":{"start":{"line":3,"column":57},"end":{"line":13,"column":1}},"line":3},"1":{"name":"(anonymous_1)","decl":{"start":{"line":5,"column":30},"end":{"line":5,"column":31}},"loc":{"start":{"line":5,"column":79},"end":{"line":11,"column":5}},"line":5}},"branchMap":{"0":{"loc":{"start":{"line":4,"column":2},"end":{"line":12,"column":3}},"type":"if","locations":[{"start":{"line":4,"column":2},"end":{"line":12,"column":3}},{"start":{},"end":{}}],"line":4},"1":{"loc":{"start":{"line":4,"column":6},"end":{"line":4,"column":52}},"type":"binary-expr","locations":[{"start":{"line":4,"column":6},"end":{"line":4,"column":17}},{"start":{"line":4,"column":21},"end":{"line":4,"column":52}}],"line":4}},"s":{"0":0,"1":0,"2":0,"3":0,"4":0,"5":0,"6":0,"7":0},"f":{"0":0,"1":0},"b":{"0":[0,0],"1":[0,0]}}
,"C:\\Users\\tathianesouza\\Documents\\Github\\delivery-manager-front\\src\\auth\\index.ts": {"path":"C:\\Users\\tathianesouza\\Documents\\Github\\delivery-manager-front\\src\\auth\\index.ts","statementMap":{"0":{"start":{"line":5,"column":26},"end":{"line":9,"column":1}},"1":{"start":{"line":6,"column":13},"end":{"line":6,"column":41}},"2":{"start":{"line":7,"column":2},"end":{"line":8,"column":20}},"3":{"start":{"line":7,"column":20},"end":{"line":7,"column":32}},"4":{"start":{"line":8,"column":7},"end":{"line":8,"column":20}},"5":{"start":{"line":11,"column":38},"end":{"line":13,"column":1}},"6":{"start":{"line":12,"column":2},"end":{"line":12,"column":34}},"7":{"start":{"line":15,"column":36},"end":{"line":17,"column":1}},"8":{"start":{"line":16,"column":2},"end":{"line":16,"column":53}},"9":{"start":{"line":19,"column":48},"end":{"line":25,"column":1}},"10":{"start":{"line":20,"column":2},"end":{"line":24,"column":3}},"11":{"start":{"line":21,"column":4},"end":{"line":21,"column":63}},"12":{"start":{"line":23,"column":4},"end":{"line":23,"column":21}},"13":{"start":{"line":27,"column":36},"end":{"line":33,"column":1}},"14":{"start":{"line":28,"column":2},"end":{"line":32,"column":3}},"15":{"start":{"line":29,"column":4},"end":{"line":29,"column":64}},"16":{"start":{"line":31,"column":4},"end":{"line":31,"column":16}},"17":{"start":{"line":35,"column":35},"end":{"line":44,"column":1}},"18":{"start":{"line":36,"column":15},"end":{"line":36,"column":43}},"19":{"start":{"line":38,"column":2},"end":{"line":40,"column":3}},"20":{"start":{"line":39,"column":6},"end":{"line":39,"column":18}},"21":{"start":{"line":42,"column":15},"end":{"line":42,"column":31}},"22":{"start":{"line":43,"column":2},"end":{"line":43,"column":22}}},"fnMap":{"0":{"name":"(anonymous_0)","decl":{"start":{"line":5,"column":26},"end":{"line":5,"column":27}},"loc":{"start":{"line":5,"column":32},"end":{"line":9,"column":1}},"line":5},"1":{"name":"(anonymous_1)","decl":{"start":{"line":11,"column":38},"end":{"line":11,"column":39}},"loc":{"start":{"line":11,"column":44},"end":{"line":13,"column":1}},"line":11},"2":{"name":"(anonymous_2)","decl":{"start":{"line":15,"column":36},"end":{"line":15,"column":37}},"loc":{"start":{"line":15,"column":68},"end":{"line":17,"column":1}},"line":15},"3":{"name":"(anonymous_3)","decl":{"start":{"line":19,"column":48},"end":{"line":19,"column":49}},"loc":{"start":{"line":19,"column":54},"end":{"line":25,"column":1}},"line":19},"4":{"name":"(anonymous_4)","decl":{"start":{"line":27,"column":36},"end":{"line":27,"column":37}},"loc":{"start":{"line":27,"column":41},"end":{"line":33,"column":1}},"line":27},"5":{"name":"(anonymous_5)","decl":{"start":{"line":35,"column":35},"end":{"line":35,"column":36}},"loc":{"start":{"line":35,"column":41},"end":{"line":44,"column":1}},"line":35}},"branchMap":{"0":{"loc":{"start":{"line":7,"column":2},"end":{"line":8,"column":20}},"type":"if","locations":[{"start":{"line":7,"column":2},"end":{"line":8,"column":20}},{"start":{"line":8,"column":7},"end":{"line":8,"column":20}}],"line":7},"1":{"loc":{"start":{"line":20,"column":2},"end":{"line":24,"column":3}},"type":"if","locations":[{"start":{"line":20,"column":2},"end":{"line":24,"column":3}},{"start":{"line":22,"column":9},"end":{"line":24,"column":3}}],"line":20},"2":{"loc":{"start":{"line":21,"column":22},"end":{"line":21,"column":56}},"type":"binary-expr","locations":[{"start":{"line":21,"column":22},"end":{"line":21,"column":50}},{"start":{"line":21,"column":54},"end":{"line":21,"column":56}}],"line":21},"3":{"loc":{"start":{"line":28,"column":2},"end":{"line":32,"column":3}},"type":"if","locations":[{"start":{"line":28,"column":2},"end":{"line":32,"column":3}},{"start":{"line":30,"column":7},"end":{"line":32,"column":3}}],"line":28},"4":{"loc":{"start":{"line":29,"column":22},"end":{"line":29,"column":56}},"type":"binary-expr","locations":[{"start":{"line":29,"column":22},"end":{"line":29,"column":50}},{"start":{"line":29,"column":54},"end":{"line":29,"column":56}}],"line":29},"5":{"loc":{"start":{"line":38,"column":2},"end":{"line":40,"column":3}},"type":"if","locations":[{"start":{"line":38,"column":2},"end":{"line":40,"column":3}},{"start":{},"end":{}}],"line":38},"6":{"loc":{"start":{"line":43,"column":9},"end":{"line":43,"column":21}},"type":"binary-expr","locations":[{"start":{"line":43,"column":9},"end":{"line":43,"column":13}},{"start":{"line":43,"column":17},"end":{"line":43,"column":21}}],"line":43}},"s":{"0":0,"1":0,"2":0,"3":0,"4":0,"5":0,"6":0,"7":0,"8":0,"9":0,"10":0,"11":0,"12":0,"13":0,"14":0,"15":0,"16":0,"17":0,"18":0,"19":0,"20":0,"21":0,"22":0},"f":{"0":0,"1":0,"2":0,"3":0,"4":0,"5":0},"b":{"0":[0,0],"1":[0,0],"2":[0,0],"3":[0,0],"4":[0,0],"5":[0,0],"6":[0,0]}}
,"C:\\Users\\tathianesouza\\Documents\\Github\\delivery-manager-front\\src\\components\\Alerts\\ErrorAlert.tsx": {"path":"C:\\Users\\tathianesouza\\Documents\\Github\\delivery-manager-front\\src\\components\\Alerts\\ErrorAlert.tsx","statementMap":{"0":{"start":{"line":4,"column":2},"end":{"line":8,"column":3}},"1":{"start":{"line":12,"column":2},"end":{"line":12,"column":25}},"2":{"start":{"line":13,"column":2},"end":{"line":18,"column":5}},"3":{"start":{"line":22,"column":2},"end":{"line":22,"column":20}},"4":{"start":{"line":23,"column":2},"end":{"line":27,"column":5}}},"fnMap":{"0":{"name":"Msg","decl":{"start":{"line":3,"column":9},"end":{"line":3,"column":12}},"loc":{"start":{"line":3,"column":26},"end":{"line":9,"column":1}},"line":3},"1":{"name":"preNotification","decl":{"start":{"line":11,"column":9},"end":{"line":11,"column":24}},"loc":{"start":{"line":11,"column":28},"end":{"line":19,"column":1}},"line":11},"2":{"name":"ErrorAlert","decl":{"start":{"line":21,"column":24},"end":{"line":21,"column":34}},"loc":{"start":{"line":21,"column":48},"end":{"line":28,"column":1}},"line":21}},"branchMap":{},"s":{"0":0,"1":0,"2":0,"3":0,"4":0},"f":{"0":0,"1":0,"2":0},"b":{}}
,"C:\\Users\\tathianesouza\\Documents\\Github\\delivery-manager-front\\src\\components\\Alerts\\SuccessAlert.tsx": {"path":"C:\\Users\\tathianesouza\\Documents\\Github\\delivery-manager-front\\src\\components\\Alerts\\SuccessAlert.tsx","statementMap":{"0":{"start":{"line":4,"column":2},"end":{"line":8,"column":3}},"1":{"start":{"line":12,"column":2},"end":{"line":12,"column":25}},"2":{"start":{"line":13,"column":2},"end":{"line":18,"column":5}},"3":{"start":{"line":22,"column":2},"end":{"line":22,"column":20}},"4":{"start":{"line":23,"column":2},"end":{"line":27,"column":5}}},"fnMap":{"0":{"name":"Msg","decl":{"start":{"line":3,"column":9},"end":{"line":3,"column":12}},"loc":{"start":{"line":3,"column":26},"end":{"line":9,"column":1}},"line":3},"1":{"name":"preNotification","decl":{"start":{"line":11,"column":9},"end":{"line":11,"column":24}},"loc":{"start":{"line":11,"column":28},"end":{"line":19,"column":1}},"line":11},"2":{"name":"SuccessAlert","decl":{"start":{"line":21,"column":24},"end":{"line":21,"column":36}},"loc":{"start":{"line":21,"column":50},"end":{"line":28,"column":1}},"line":21}},"branchMap":{},"s":{"0":0,"1":0,"2":0,"3":0,"4":0},"f":{"0":0,"1":0,"2":0},"b":{}}
,"C:\\Users\\tathianesouza\\Documents\\Github\\delivery-manager-front\\src\\components\\BreadCrumb\\index.tsx": {"path":"C:\\Users\\tathianesouza\\Documents\\Github\\delivery-manager-front\\src\\components\\BreadCrumb\\index.tsx","statementMap":{"0":{"start":{"line":7,"column":31},"end":{"line":11,"column":3}},"1":{"start":{"line":13,"column":19},"end":{"line":13,"column":32}},"2":{"start":{"line":14,"column":23},"end":{"line":14,"column":74}},"3":{"start":{"line":14,"column":69},"end":{"line":14,"column":73}},"4":{"start":{"line":16,"column":19},"end":{"line":18,"column":3}},"5":{"start":{"line":17,"column":4},"end":{"line":17,"column":44}},"6":{"start":{"line":20,"column":29},"end":{"line":28,"column":3}},"7":{"start":{"line":21,"column":4},"end":{"line":27,"column":6}},"8":{"start":{"line":30,"column":27},"end":{"line":36,"column":3}},"9":{"start":{"line":31,"column":4},"end":{"line":35,"column":6}},"10":{"start":{"line":38,"column":31},"end":{"line":68,"column":4}},"11":{"start":{"line":39,"column":16},"end":{"line":39,"column":64}},"12":{"start":{"line":40,"column":4},"end":{"line":44,"column":5}},"13":{"start":{"line":41,"column":6},"end":{"line":43,"column":8}},"14":{"start":{"line":46,"column":4},"end":{"line":52,"column":5}},"15":{"start":{"line":47,"column":6},"end":{"line":51,"column":8}},"16":{"start":{"line":54,"column":4},"end":{"line":66,"column":5}},"17":{"start":{"line":55,"column":6},"end":{"line":59,"column":7}},"18":{"start":{"line":56,"column":8},"end":{"line":56,"column":45}},"19":{"start":{"line":58,"column":8},"end":{"line":58,"column":43}},"20":{"start":{"line":61,"column":6},"end":{"line":65,"column":7}},"21":{"start":{"line":62,"column":8},"end":{"line":62,"column":45}},"22":{"start":{"line":64,"column":8},"end":{"line":64,"column":43}},"23":{"start":{"line":70,"column":26},"end":{"line":76,"column":32}},"24":{"start":{"line":78,"column":2},"end":{"line":78,"column":52}}},"fnMap":{"0":{"name":"BreadCrumb","decl":{"start":{"line":6,"column":16},"end":{"line":6,"column":26}},"loc":{"start":{"line":6,"column":29},"end":{"line":79,"column":1}},"line":6},"1":{"name":"(anonymous_1)","decl":{"start":{"line":14,"column":59},"end":{"line":14,"column":60}},"loc":{"start":{"line":14,"column":69},"end":{"line":14,"column":73}},"line":14},"2":{"name":"(anonymous_2)","decl":{"start":{"line":16,"column":19},"end":{"line":16,"column":20}},"loc":{"start":{"line":16,"column":35},"end":{"line":18,"column":3}},"line":16},"3":{"name":"(anonymous_3)","decl":{"start":{"line":20,"column":29},"end":{"line":20,"column":30}},"loc":{"start":{"line":20,"column":60},"end":{"line":28,"column":3}},"line":20},"4":{"name":"(anonymous_4)","decl":{"start":{"line":30,"column":27},"end":{"line":30,"column":28}},"loc":{"start":{"line":30,"column":58},"end":{"line":36,"column":3}},"line":30},"5":{"name":"(anonymous_5)","decl":{"start":{"line":38,"column":48},"end":{"line":38,"column":49}},"loc":{"start":{"line":38,"column":65},"end":{"line":68,"column":3}},"line":38}},"branchMap":{"0":{"loc":{"start":{"line":17,"column":11},"end":{"line":17,"column":43}},"type":"binary-expr","locations":[{"start":{"line":17,"column":11},"end":{"line":17,"column":24}},{"start":{"line":17,"column":28},"end":{"line":17,"column":43}}],"line":17},"1":{"loc":{"start":{"line":24,"column":11},"end":{"line":24,"column":60}},"type":"cond-expr","locations":[{"start":{"line":24,"column":28},"end":{"line":24,"column":37}},{"start":{"line":24,"column":40},"end":{"line":24,"column":60}}],"line":24},"2":{"loc":{"start":{"line":33,"column":9},"end":{"line":33,"column":58}},"type":"cond-expr","locations":[{"start":{"line":33,"column":26},"end":{"line":33,"column":35}},{"start":{"line":33,"column":38},"end":{"line":33,"column":58}}],"line":33},"3":{"loc":{"start":{"line":40,"column":4},"end":{"line":44,"column":5}},"type":"if","locations":[{"start":{"line":40,"column":4},"end":{"line":44,"column":5}},{"start":{},"end":{}}],"line":40},"4":{"loc":{"start":{"line":46,"column":4},"end":{"line":52,"column":5}},"type":"if","locations":[{"start":{"line":46,"column":4},"end":{"line":52,"column":5}},{"start":{},"end":{}}],"line":46},"5":{"loc":{"start":{"line":46,"column":8},"end":{"line":46,"column":67}},"type":"binary-expr","locations":[{"start":{"line":46,"column":8},"end":{"line":46,"column":37}},{"start":{"line":46,"column":41},"end":{"line":46,"column":67}}],"line":46},"6":{"loc":{"start":{"line":54,"column":4},"end":{"line":66,"column":5}},"type":"if","locations":[{"start":{"line":54,"column":4},"end":{"line":66,"column":5}},{"start":{"line":60,"column":10},"end":{"line":66,"column":5}}],"line":54},"7":{"loc":{"start":{"line":55,"column":6},"end":{"line":59,"column":7}},"type":"if","locations":[{"start":{"line":55,"column":6},"end":{"line":59,"column":7}},{"start":{"line":57,"column":11},"end":{"line":59,"column":7}}],"line":55},"8":{"loc":{"start":{"line":61,"column":6},"end":{"line":65,"column":7}},"type":"if","locations":[{"start":{"line":61,"column":6},"end":{"line":65,"column":7}},{"start":{"line":63,"column":14},"end":{"line":65,"column":7}}],"line":61},"9":{"loc":{"start":{"line":61,"column":10},"end":{"line":61,"column":71}},"type":"binary-expr","locations":[{"start":{"line":61,"column":10},"end":{"line":61,"column":41}},{"start":{"line":61,"column":45},"end":{"line":61,"column":71}}],"line":61}},"s":{"0":0,"1":0,"2":0,"3":0,"4":0,"5":0,"6":0,"7":0,"8":0,"9":0,"10":0,"11":0,"12":0,"13":0,"14":0,"15":0,"16":0,"17":0,"18":0,"19":0,"20":0,"21":0,"22":0,"23":0,"24":0},"f":{"0":0,"1":0,"2":0,"3":0,"4":0,"5":0},"b":{"0":[0,0],"1":[0,0],"2":[0,0],"3":[0,0],"4":[0,0],"5":[0,0],"6":[0,0],"7":[0,0],"8":[0,0],"9":[0,0]}}
,"C:\\Users\\tathianesouza\\Documents\\Github\\delivery-manager-front\\src\\components\\Layout\\index.tsx": {"path":"C:\\Users\\tathianesouza\\Documents\\Github\\delivery-manager-front\\src\\components\\Layout\\index.tsx","statementMap":{"0":{"start":{"line":16,"column":49},"end":{"line":137,"column":1}},"1":{"start":{"line":18,"column":19},"end":{"line":18,"column":32}},"2":{"start":{"line":19,"column":27},"end":{"line":19,"column":43}},"3":{"start":{"line":20,"column":19},"end":{"line":20,"column":32}},"4":{"start":{"line":60,"column":25},"end":{"line":62,"column":3}},"5":{"start":{"line":61,"column":4},"end":{"line":61,"column":31}},"6":{"start":{"line":74,"column":4},"end":{"line":81,"column":18}},"7":{"start":{"line":84,"column":31},"end":{"line":100,"column":3}},"8":{"start":{"line":102,"column":32},"end":{"line":105,"column":3}},"9":{"start":{"line":107,"column":2},"end":{"line":136,"column":4}}},"fnMap":{"0":{"name":"(anonymous_0)","decl":{"start":{"line":16,"column":49},"end":{"line":16,"column":50}},"loc":{"start":{"line":16,"column":67},"end":{"line":137,"column":1}},"line":16},"1":{"name":"(anonymous_1)","decl":{"start":{"line":60,"column":25},"end":{"line":60,"column":26}},"loc":{"start":{"line":60,"column":41},"end":{"line":62,"column":3}},"line":60},"2":{"name":"getItem","decl":{"start":{"line":66,"column":11},"end":{"line":66,"column":18}},"loc":{"start":{"line":73,"column":14},"end":{"line":82,"column":3}},"line":73}},"branchMap":{"0":{"loc":{"start":{"line":123,"column":78},"end":{"line":123,"column":129}},"type":"cond-expr","locations":[{"start":{"line":123,"column":109},"end":{"line":123,"column":118}},{"start":{"line":123,"column":121},"end":{"line":123,"column":129}}],"line":123}},"s":{"0":0,"1":0,"2":0,"3":0,"4":0,"5":0,"6":0,"7":0,"8":0,"9":0},"f":{"0":0,"1":0,"2":0},"b":{"0":[0,0]}}
,"C:\\Users\\tathianesouza\\Documents\\Github\\delivery-manager-front\\src\\components\\Layout\\styles.ts": {"path":"C:\\Users\\tathianesouza\\Documents\\Github\\delivery-manager-front\\src\\components\\Layout\\styles.ts","statementMap":{"0":{"start":{"line":4,"column":26},"end":{"line":4,"column":32}},"1":{"start":{"line":5,"column":20},"end":{"line":5,"column":26}},"2":{"start":{"line":7,"column":29},"end":{"line":10,"column":1}},"3":{"start":{"line":12,"column":20},"end":{"line":14,"column":1}},"4":{"start":{"line":16,"column":27},"end":{"line":20,"column":1}},"5":{"start":{"line":22,"column":28},"end":{"line":25,"column":1}},"6":{"start":{"line":27,"column":26},"end":{"line":31,"column":1}},"7":{"start":{"line":33,"column":31},"end":{"line":38,"column":1}},"8":{"start":{"line":40,"column":32},"end":{"line":61,"column":1}},"9":{"start":{"line":63,"column":26},"end":{"line":166,"column":1}},"10":{"start":{"line":168,"column":29},"end":{"line":170,"column":1}},"11":{"start":{"line":172,"column":29},"end":{"line":178,"column":1}}},"fnMap":{},"branchMap":{},"s":{"0":0,"1":0,"2":0,"3":0,"4":0,"5":0,"6":0,"7":0,"8":0,"9":0,"10":0,"11":0},"f":{},"b":{}}
,"C:\\Users\\tathianesouza\\Documents\\Github\\delivery-manager-front\\src\\components\\ProtectedRoutes\\index.tsx": {"path":"C:\\Users\\tathianesouza\\Documents\\Github\\delivery-manager-front\\src\\components\\ProtectedRoutes\\index.tsx","statementMap":{"0":{"start":{"line":28,"column":33},"end":{"line":35,"column":5}},"1":{"start":{"line":29,"column":29},"end":{"line":29,"column":45}},"2":{"start":{"line":30,"column":4},"end":{"line":34,"column":40}},"3":{"start":{"line":30,"column":48},"end":{"line":30,"column":76}}},"fnMap":{"0":{"name":"(anonymous_0)","decl":{"start":{"line":28,"column":33},"end":{"line":28,"column":34}},"loc":{"start":{"line":28,"column":60},"end":{"line":35,"column":5}},"line":28},"1":{"name":"(anonymous_1)","decl":{"start":{"line":30,"column":40},"end":{"line":30,"column":41}},"loc":{"start":{"line":30,"column":48},"end":{"line":30,"column":76}},"line":30}},"branchMap":{"0":{"loc":{"start":{"line":30,"column":11},"end":{"line":34,"column":40}},"type":"cond-expr","locations":[{"start":{"line":31,"column":14},"end":{"line":31,"column":24}},{"start":{"line":32,"column":14},"end":{"line":34,"column":40}}],"line":30},"1":{"loc":{"start":{"line":30,"column":11},"end":{"line":30,"column":77}},"type":"binary-expr","locations":[{"start":{"line":30,"column":11},"end":{"line":30,"column":17}},{"start":{"line":30,"column":21},"end":{"line":30,"column":77}}],"line":30},"2":{"loc":{"start":{"line":32,"column":14},"end":{"line":34,"column":40}},"type":"cond-expr","locations":[{"start":{"line":33,"column":16},"end":{"line":33,"column":47}},{"start":{"line":34,"column":16},"end":{"line":34,"column":40}}],"line":32}},"s":{"0":0,"1":0,"2":0,"3":0},"f":{"0":0,"1":0},"b":{"0":[0,0],"1":[0,0],"2":[0,0]}}
,"C:\\Users\\tathianesouza\\Documents\\Github\\delivery-manager-front\\src\\components\\PublicRoutes\\index.tsx": {"path":"C:\\Users\\tathianesouza\\Documents\\Github\\delivery-manager-front\\src\\components\\PublicRoutes\\index.tsx","statementMap":{"0":{"start":{"line":5,"column":28},"end":{"line":10,"column":1}},"1":{"start":{"line":8,"column":2},"end":{"line":8,"column":19}}},"fnMap":{"0":{"name":"(anonymous_0)","decl":{"start":{"line":5,"column":28},"end":{"line":5,"column":29}},"loc":{"start":{"line":5,"column":45},"end":{"line":10,"column":1}},"line":5}},"branchMap":{},"s":{"0":0,"1":0},"f":{"0":0},"b":{}}
,"C:\\Users\\tathianesouza\\Documents\\Github\\delivery-manager-front\\src\\components\\Tables\\User\\index.tsx": {"path":"C:\\Users\\tathianesouza\\Documents\\Github\\delivery-manager-front\\src\\components\\Tables\\User\\index.tsx","statementMap":{"0":{"start":{"line":14,"column":0},"end":{"line":14,"column":25}},"1":{"start":{"line":16,"column":38},"end":{"line":61,"column":3}},"2":{"start":{"line":30,"column":8},"end":{"line":33,"column":16}},"3":{"start":{"line":42,"column":8},"end":{"line":57,"column":16}},"4":{"start":{"line":63,"column":52},"end":{"line":71,"column":3}},"5":{"start":{"line":64,"column":4},"end":{"line":66,"column":5}},"6":{"start":{"line":65,"column":6},"end":{"line":65,"column":28}},"7":{"start":{"line":67,"column":4},"end":{"line":69,"column":5}},"8":{"start":{"line":68,"column":6},"end":{"line":68,"column":29}},"9":{"start":{"line":70,"column":4},"end":{"line":70,"column":27}},"10":{"start":{"line":73,"column":2},"end":{"line":87,"column":4}}},"fnMap":{"0":{"name":"UserTable","decl":{"start":{"line":12,"column":16},"end":{"line":12,"column":25}},"loc":{"start":{"line":12,"column":41},"end":{"line":88,"column":1}},"line":12},"1":{"name":"(anonymous_1)","decl":{"start":{"line":29,"column":14},"end":{"line":29,"column":15}},"loc":{"start":{"line":30,"column":8},"end":{"line":33,"column":16}},"line":30},"2":{"name":"(anonymous_2)","decl":{"start":{"line":41,"column":14},"end":{"line":41,"column":15}},"loc":{"start":{"line":42,"column":8},"end":{"line":57,"column":16}},"line":42},"3":{"name":"(anonymous_3)","decl":{"start":{"line":45,"column":21},"end":{"line":45,"column":22}},"loc":{"start":{"line":45,"column":31},"end":{"line":47,"column":13}},"line":45},"4":{"name":"(anonymous_4)","decl":{"start":{"line":63,"column":52},"end":{"line":63,"column":53}},"loc":{"start":{"line":63,"column":82},"end":{"line":71,"column":3}},"line":63}},"branchMap":{"0":{"loc":{"start":{"line":64,"column":4},"end":{"line":66,"column":5}},"type":"if","locations":[{"start":{"line":64,"column":4},"end":{"line":66,"column":5}},{"start":{},"end":{}}],"line":64},"1":{"loc":{"start":{"line":67,"column":4},"end":{"line":69,"column":5}},"type":"if","locations":[{"start":{"line":67,"column":4},"end":{"line":69,"column":5}},{"start":{},"end":{}}],"line":67}},"s":{"0":0,"1":0,"2":0,"3":0,"4":0,"5":0,"6":0,"7":0,"8":0,"9":0,"10":0},"f":{"0":0,"1":0,"2":0,"3":0,"4":0},"b":{"0":[0,0],"1":[0,0]}}
,"C:\\Users\\tathianesouza\\Documents\\Github\\delivery-manager-front\\src\\components\\Tables\\User\\styles.ts": {"path":"C:\\Users\\tathianesouza\\Documents\\Github\\delivery-manager-front\\src\\components\\Tables\\User\\styles.ts","statementMap":{"0":{"start":{"line":5,"column":41},"end":{"line":35,"column":8}}},"fnMap":{},"branchMap":{},"s":{"0":0},"f":{},"b":{}}
,"C:\\Users\\tathianesouza\\Documents\\Github\\delivery-manager-front\\src\\context\\auth\\AuthProvider.tsx": {"path":"C:\\Users\\tathianesouza\\Documents\\Github\\delivery-manager-front\\src\\context\\auth\\AuthProvider.tsx","statementMap":{"0":{"start":{"line":7,"column":27},"end":{"line":7,"column":66}},"1":{"start":{"line":9,"column":28},"end":{"line":39,"column":1}},"2":{"start":{"line":10,"column":25},"end":{"line":10,"column":57}},"3":{"start":{"line":11,"column":35},"end":{"line":11,"column":49}},"4":{"start":{"line":13,"column":1},"end":{"line":19,"column":8}},"5":{"start":{"line":14,"column":15},"end":{"line":14,"column":36}},"6":{"start":{"line":15,"column":2},"end":{"line":15,"column":22}},"7":{"start":{"line":16,"column":2},"end":{"line":18,"column":3}},"8":{"start":{"line":17,"column":3},"end":{"line":17,"column":17}},"9":{"start":{"line":22,"column":19},"end":{"line":22,"column":54}},"10":{"start":{"line":23,"column":18},"end":{"line":23,"column":64}},"11":{"start":{"line":25,"column":2},"end":{"line":25,"column":19}},"12":{"start":{"line":26,"column":2},"end":{"line":26,"column":31}},"13":{"start":{"line":30,"column":2},"end":{"line":30,"column":16}},"14":{"start":{"line":31,"column":2},"end":{"line":31,"column":27}},"15":{"start":{"line":34,"column":1},"end":{"line":38,"column":2}}},"fnMap":{"0":{"name":"(anonymous_0)","decl":{"start":{"line":9,"column":28},"end":{"line":9,"column":29}},"loc":{"start":{"line":9,"column":61},"end":{"line":39,"column":1}},"line":9},"1":{"name":"(anonymous_1)","decl":{"start":{"line":13,"column":11},"end":{"line":13,"column":12}},"loc":{"start":{"line":13,"column":17},"end":{"line":19,"column":2}},"line":13},"2":{"name":"authenticate","decl":{"start":{"line":21,"column":16},"end":{"line":21,"column":28}},"loc":{"start":{"line":21,"column":62},"end":{"line":27,"column":2}},"line":21},"3":{"name":"logout","decl":{"start":{"line":29,"column":10},"end":{"line":29,"column":16}},"loc":{"start":{"line":29,"column":19},"end":{"line":32,"column":2}},"line":29}},"branchMap":{"0":{"loc":{"start":{"line":16,"column":2},"end":{"line":18,"column":3}},"type":"if","locations":[{"start":{"line":16,"column":2},"end":{"line":18,"column":3}},{"start":{},"end":{}}],"line":16}},"s":{"0":0,"1":0,"2":0,"3":0,"4":0,"5":0,"6":0,"7":0,"8":0,"9":0,"10":0,"11":0,"12":0,"13":0,"14":0,"15":0},"f":{"0":0,"1":0,"2":0,"3":0},"b":{"0":[0,0]}}
,"C:\\Users\\tathianesouza\\Documents\\Github\\delivery-manager-front\\src\\context\\auth\\useContextAuth.tsx": {"path":"C:\\Users\\tathianesouza\\Documents\\Github\\delivery-manager-front\\src\\context\\auth\\useContextAuth.tsx","statementMap":{"0":{"start":{"line":4,"column":30},"end":{"line":7,"column":1}},"1":{"start":{"line":5,"column":17},"end":{"line":5,"column":40}},"2":{"start":{"line":6,"column":1},"end":{"line":6,"column":16}}},"fnMap":{"0":{"name":"(anonymous_0)","decl":{"start":{"line":4,"column":30},"end":{"line":4,"column":31}},"loc":{"start":{"line":4,"column":36},"end":{"line":7,"column":1}},"line":4}},"branchMap":{},"s":{"0":0,"1":0,"2":0},"f":{"0":0},"b":{}}
,"C:\\Users\\tathianesouza\\Documents\\Github\\delivery-manager-front\\src\\interfaces\\IAuth.tsx": {"path":"C:\\Users\\tathianesouza\\Documents\\Github\\delivery-manager-front\\src\\interfaces\\IAuth.tsx","statementMap":{},"fnMap":{},"branchMap":{},"s":{},"f":{},"b":{}}
,"C:\\Users\\tathianesouza\\Documents\\Github\\delivery-manager-front\\src\\interfaces\\ICompany.tsx": {"path":"C:\\Users\\tathianesouza\\Documents\\Github\\delivery-manager-front\\src\\interfaces\\ICompany.tsx","statementMap":{},"fnMap":{},"branchMap":{},"s":{},"f":{},"b":{}}
,"C:\\Users\\tathianesouza\\Documents\\Github\\delivery-manager-front\\src\\interfaces\\IEmployee.tsx": {"path":"C:\\Users\\tathianesouza\\Documents\\Github\\delivery-manager-front\\src\\interfaces\\IEmployee.tsx","statementMap":{},"fnMap":{},"branchMap":{},"s":{},"f":{},"b":{}}
,"C:\\Users\\tathianesouza\\Documents\\Github\\delivery-manager-front\\src\\interfaces\\IUser.tsx": {"path":"C:\\Users\\tathianesouza\\Documents\\Github\\delivery-manager-front\\src\\interfaces\\IUser.tsx","statementMap":{},"fnMap":{},"branchMap":{},"s":{},"f":{},"b":{}}
,"C:\\Users\\tathianesouza\\Documents\\Github\\delivery-manager-front\\src\\pages\\Couriers\\index.tsx": {"path":"C:\\Users\\tathianesouza\\Documents\\Github\\delivery-manager-front\\src\\pages\\Couriers\\index.tsx","statementMap":{"0":{"start":{"line":4,"column":2},"end":{"line":12,"column":4}}},"fnMap":{"0":{"name":"Couriers","decl":{"start":{"line":2,"column":16},"end":{"line":2,"column":24}},"loc":{"start":{"line":2,"column":27},"end":{"line":13,"column":1}},"line":2}},"branchMap":{},"s":{"0":1},"f":{"0":1},"b":{},"_coverageSchema":"1a1c01bbd47fc00a2c39e90264f33305004495a9","hash":"af550160449cfbf66651646d081690620a4131ec"}
,"C:\\Users\\tathianesouza\\Documents\\Github\\delivery-manager-front\\src\\pages\\Home\\index.tsx": {"path":"C:\\Users\\tathianesouza\\Documents\\Github\\delivery-manager-front\\src\\pages\\Home\\index.tsx","statementMap":{"0":{"start":{"line":10,"column":26},"end":{"line":10,"column":42}},"1":{"start":{"line":12,"column":2},"end":{"line":20,"column":4}}},"fnMap":{"0":{"name":"Home","decl":{"start":{"line":7,"column":16},"end":{"line":7,"column":20}},"loc":{"start":{"line":7,"column":23},"end":{"line":21,"column":1}},"line":7}},"branchMap":{},"s":{"0":0,"1":0},"f":{"0":0},"b":{}}
,"C:\\Users\\tathianesouza\\Documents\\Github\\delivery-manager-front\\src\\pages\\Index\\index.tsx": {"path":"C:\\Users\\tathianesouza\\Documents\\Github\\delivery-manager-front\\src\\pages\\Index\\index.tsx","statementMap":{"0":{"start":{"line":10,"column":28},"end":{"line":10,"column":43}},"1":{"start":{"line":11,"column":27},"end":{"line":11,"column":43}},"2":{"start":{"line":25,"column":2},"end":{"line":42,"column":4}},"3":{"start":{"line":31,"column":12},"end":{"line":31,"column":43}},"4":{"start":{"line":32,"column":12},"end":{"line":36,"column":13}}},"fnMap":{"0":{"name":"Index","decl":{"start":{"line":7,"column":16},"end":{"line":7,"column":21}},"loc":{"start":{"line":7,"column":25},"end":{"line":43,"column":1}},"line":7},"1":{"name":"(anonymous_1)","decl":{"start":{"line":30,"column":43},"end":{"line":30,"column":44}},"loc":{"start":{"line":30,"column":60},"end":{"line":37,"column":11}},"line":30}},"branchMap":{"0":{"loc":{"start":{"line":30,"column":11},"end":{"line":38,"column":11}},"type":"binary-expr","locations":[{"start":{"line":30,"column":11},"end":{"line":30,"column":28}},{"start":{"line":30,"column":32},"end":{"line":38,"column":11}}],"line":30}},"s":{"0":0,"1":0,"2":0,"3":0,"4":0},"f":{"0":0,"1":0},"b":{"0":[0,0]}}
,"C:\\Users\\tathianesouza\\Documents\\Github\\delivery-manager-front\\src\\pages\\Login\\index.tsx": {"path":"C:\\Users\\tathianesouza\\Documents\\Github\\delivery-manager-front\\src\\pages\\Login\\index.tsx","statementMap":{"0":{"start":{"line":11,"column":21},"end":{"line":116,"column":1}},"1":{"start":{"line":12,"column":15},"end":{"line":12,"column":31}},"2":{"start":{"line":13,"column":19},"end":{"line":13,"column":32}},"3":{"start":{"line":21,"column":4},"end":{"line":34,"column":5}},"4":{"start":{"line":22,"column":6},"end":{"line":22,"column":61}},"5":{"start":{"line":24,"column":6},"end":{"line":24,"column":24}},"6":{"start":{"line":25,"column":6},"end":{"line":25,"column":27}},"7":{"start":{"line":26,"column":6},"end":{"line":26,"column":37}},"8":{"start":{"line":28,"column":6},"end":{"line":28,"column":32}},"9":{"start":{"line":30,"column":6},"end":{"line":30,"column":45}},"10":{"start":{"line":38,"column":27},"end":{"line":40,"column":3}},"11":{"start":{"line":39,"column":4},"end":{"line":39,"column":24}},"12":{"start":{"line":41,"column":2},"end":{"line":115,"column":4}}},"fnMap":{"0":{"name":"(anonymous_0)","decl":{"start":{"line":11,"column":21},"end":{"line":11,"column":22}},"loc":{"start":{"line":11,"column":27},"end":{"line":116,"column":1}},"line":11},"1":{"name":"onFinish","decl":{"start":{"line":20,"column":17},"end":{"line":20,"column":25}},"loc":{"start":{"line":20,"column":71},"end":{"line":36,"column":3}},"line":20},"2":{"name":"(anonymous_2)","decl":{"start":{"line":38,"column":27},"end":{"line":38,"column":28}},"loc":{"start":{"line":38,"column":33},"end":{"line":40,"column":3}},"line":38}},"branchMap":{},"s":{"0":0,"1":0,"2":0,"3":0,"4":0,"5":0,"6":0,"7":0,"8":0,"9":0,"10":0,"11":0,"12":0},"f":{"0":0,"1":0,"2":0},"b":{}}
,"C:\\Users\\tathianesouza\\Documents\\Github\\delivery-manager-front\\src\\pages\\Login\\styles.ts": {"path":"C:\\Users\\tathianesouza\\Documents\\Github\\delivery-manager-front\\src\\pages\\Login\\styles.ts","statementMap":{"0":{"start":{"line":4,"column":17},"end":{"line":4,"column":21}},"1":{"start":{"line":6,"column":25},"end":{"line":17,"column":1}},"2":{"start":{"line":19,"column":27},"end":{"line":25,"column":1}},"3":{"start":{"line":27,"column":28},"end":{"line":33,"column":1}},"4":{"start":{"line":36,"column":24},"end":{"line":70,"column":1}},"5":{"start":{"line":72,"column":25},"end":{"line":86,"column":1}},"6":{"start":{"line":88,"column":28},"end":{"line":100,"column":1}},"7":{"start":{"line":102,"column":25},"end":{"line":123,"column":1}},"8":{"start":{"line":126,"column":31},"end":{"line":132,"column":1}}},"fnMap":{},"branchMap":{},"s":{"0":0,"1":0,"2":0,"3":0,"4":0,"5":0,"6":0,"7":0,"8":0},"f":{},"b":{}}
,"C:\\Users\\tathianesouza\\Documents\\Github\\delivery-manager-front\\src\\pages\\NotFound\\index.tsx": {"path":"C:\\Users\\tathianesouza\\Documents\\Github\\delivery-manager-front\\src\\pages\\NotFound\\index.tsx","statementMap":{"0":{"start":{"line":6,"column":2},"end":{"line":16,"column":3}}},"fnMap":{"0":{"name":"NotFound","decl":{"start":{"line":4,"column":16},"end":{"line":4,"column":24}},"loc":{"start":{"line":4,"column":27},"end":{"line":17,"column":1}},"line":4}},"branchMap":{},"s":{"0":0},"f":{"0":0},"b":{}}
,"C:\\Users\\tathianesouza\\Documents\\Github\\delivery-manager-front\\src\\pages\\Settings\\index.tsx": {"path":"C:\\Users\\tathianesouza\\Documents\\Github\\delivery-manager-front\\src\\pages\\Settings\\index.tsx","statementMap":{"0":{"start":{"line":8,"column":27},"end":{"line":8,"column":43}},"1":{"start":{"line":10,"column":2},"end":{"line":19,"column":4}}},"fnMap":{"0":{"name":"Settings","decl":{"start":{"line":5,"column":16},"end":{"line":5,"column":24}},"loc":{"start":{"line":5,"column":28},"end":{"line":20,"column":1}},"line":5}},"branchMap":{},"s":{"0":0,"1":0},"f":{"0":0},"b":{}}
,"C:\\Users\\tathianesouza\\Documents\\Github\\delivery-manager-front\\src\\pages\\Unauthorized\\index.tsx": {"path":"C:\\Users\\tathianesouza\\Documents\\Github\\delivery-manager-front\\src\\pages\\Unauthorized\\index.tsx","statementMap":{"0":{"start":{"line":9,"column":2},"end":{"line":19,"column":3}}},"fnMap":{"0":{"name":"Unauthorized","decl":{"start":{"line":5,"column":16},"end":{"line":5,"column":28}},"loc":{"start":{"line":5,"column":31},"end":{"line":20,"column":1}},"line":5}},"branchMap":{},"s":{"0":0},"f":{"0":0},"b":{}}
,"C:\\Users\\tathianesouza\\Documents\\Github\\delivery-manager-front\\src\\pages\\Users\\Form\\index.tsx": {"path":"C:\\Users\\tathianesouza\\Documents\\Github\\delivery-manager-front\\src\\pages\\Users\\Form\\index.tsx","statementMap":{"0":{"start":{"line":13,"column":24},"end":{"line":249,"column":1}},"1":{"start":{"line":14,"column":19},"end":{"line":14,"column":32}},"2":{"start":{"line":15,"column":48},"end":{"line":15,"column":66}},"3":{"start":{"line":16,"column":52},"end":{"line":16,"column":67}},"4":{"start":{"line":18,"column":30},"end":{"line":20,"column":26}},"5":{"start":{"line":23,"column":4},"end":{"line":23,"column":22}},"6":{"start":{"line":27,"column":4},"end":{"line":45,"column":5}},"7":{"start":{"line":28,"column":6},"end":{"line":35,"column":7}},"8":{"start":{"line":37,"column":6},"end":{"line":44,"column":7}},"9":{"start":{"line":47,"column":4},"end":{"line":47,"column":27}},"10":{"start":{"line":48,"column":4},"end":{"line":57,"column":5}},"11":{"start":{"line":49,"column":6},"end":{"line":49,"column":93}},"12":{"start":{"line":50,"column":6},"end":{"line":50,"column":35}},"13":{"start":{"line":51,"column":6},"end":{"line":51,"column":25}},"14":{"start":{"line":53,"column":6},"end":{"line":53,"column":36}},"15":{"start":{"line":54,"column":6},"end":{"line":56,"column":15}},"16":{"start":{"line":55,"column":8},"end":{"line":55,"column":36}},"17":{"start":{"line":60,"column":26},"end":{"line":62,"column":3}},"18":{"start":{"line":61,"column":4},"end":{"line":61,"column":23}},"19":{"start":{"line":64,"column":2},"end":{"line":248,"column":4}},"20":{"start":{"line":154,"column":46},"end":{"line":161,"column":23}},"21":{"start":{"line":156,"column":26},"end":{"line":158,"column":27}},"22":{"start":{"line":157,"column":28},"end":{"line":157,"column":53}},"23":{"start":{"line":159,"column":26},"end":{"line":159,"column":88}},"24":{"start":{"line":180,"column":42},"end":{"line":180,"column":61}},"25":{"start":{"line":181,"column":28},"end":{"line":181,"column":85}},"26":{"start":{"line":181,"column":60},"end":{"line":181,"column":85}},"27":{"start":{"line":182,"column":28},"end":{"line":182,"column":78}},"28":{"start":{"line":202,"column":42},"end":{"line":202,"column":60}},"29":{"start":{"line":203,"column":28},"end":{"line":203,"column":86}},"30":{"start":{"line":203,"column":61},"end":{"line":203,"column":86}},"31":{"start":{"line":204,"column":28},"end":{"line":204,"column":77}},"32":{"start":{"line":222,"column":37},"end":{"line":222,"column":113}}},"fnMap":{"0":{"name":"(anonymous_0)","decl":{"start":{"line":13,"column":24},"end":{"line":13,"column":25}},"loc":{"start":{"line":13,"column":30},"end":{"line":249,"column":1}},"line":13},"1":{"name":"onFinish","decl":{"start":{"line":22,"column":17},"end":{"line":22,"column":25}},"loc":{"start":{"line":22,"column":39},"end":{"line":58,"column":3}},"line":22},"2":{"name":"(anonymous_2)","decl":{"start":{"line":54,"column":17},"end":{"line":54,"column":18}},"loc":{"start":{"line":54,"column":23},"end":{"line":56,"column":7}},"line":54},"3":{"name":"(anonymous_3)","decl":{"start":{"line":60,"column":26},"end":{"line":60,"column":27}},"loc":{"start":{"line":60,"column":32},"end":{"line":62,"column":3}},"line":60},"4":{"name":"(anonymous_4)","decl":{"start":{"line":154,"column":22},"end":{"line":154,"column":23}},"loc":{"start":{"line":154,"column":46},"end":{"line":161,"column":23}},"line":154},"5":{"name":"(anonymous_5)","decl":{"start":{"line":155,"column":24},"end":{"line":155,"column":25}},"loc":{"start":{"line":155,"column":44},"end":{"line":160,"column":25}},"line":155},"6":{"name":"(anonymous_6)","decl":{"start":{"line":179,"column":37},"end":{"line":179,"column":38}},"loc":{"start":{"line":179,"column":51},"end":{"line":183,"column":27}},"line":179},"7":{"name":"(anonymous_7)","decl":{"start":{"line":201,"column":37},"end":{"line":201,"column":38}},"loc":{"start":{"line":201,"column":51},"end":{"line":205,"column":27}},"line":201},"8":{"name":"(anonymous_8)","decl":{"start":{"line":222,"column":31},"end":{"line":222,"column":32}},"loc":{"start":{"line":222,"column":37},"end":{"line":222,"column":113}},"line":222}},"branchMap":{"0":{"loc":{"start":{"line":27,"column":4},"end":{"line":45,"column":5}},"type":"if","locations":[{"start":{"line":27,"column":4},"end":{"line":45,"column":5}},{"start":{"line":36,"column":11},"end":{"line":45,"column":5}}],"line":27},"1":{"loc":{"start":{"line":33,"column":13},"end":{"line":33,"column":50}},"type":"binary-expr","locations":[{"start":{"line":33,"column":13},"end":{"line":33,"column":44}},{"start":{"line":33,"column":48},"end":{"line":33,"column":50}}],"line":33},"2":{"loc":{"start":{"line":49,"column":6},"end":{"line":49,"column":92}},"type":"cond-expr","locations":[{"start":{"line":49,"column":26},"end":{"line":49,"column":58}},{"start":{"line":49,"column":61},"end":{"line":49,"column":92}}],"line":49},"3":{"loc":{"start":{"line":156,"column":26},"end":{"line":158,"column":27}},"type":"if","locations":[{"start":{"line":156,"column":26},"end":{"line":158,"column":27}},{"start":{},"end":{}}],"line":156},"4":{"loc":{"start":{"line":156,"column":30},"end":{"line":156,"column":75}},"type":"binary-expr","locations":[{"start":{"line":156,"column":30},"end":{"line":156,"column":36}},{"start":{"line":156,"column":40},"end":{"line":156,"column":75}}],"line":156},"5":{"loc":{"start":{"line":181,"column":28},"end":{"line":181,"column":85}},"type":"if","locations":[{"start":{"line":181,"column":28},"end":{"line":181,"column":85}},{"start":{},"end":{}}],"line":181},"6":{"loc":{"start":{"line":181,"column":32},"end":{"line":181,"column":58}},"type":"binary-expr","locations":[{"start":{"line":181,"column":32},"end":{"line":181,"column":37}},{"start":{"line":181,"column":41},"end":{"line":181,"column":58}}],"line":181},"7":{"loc":{"start":{"line":203,"column":28},"end":{"line":203,"column":86}},"type":"if","locations":[{"start":{"line":203,"column":28},"end":{"line":203,"column":86}},{"start":{},"end":{}}],"line":203},"8":{"loc":{"start":{"line":203,"column":32},"end":{"line":203,"column":59}},"type":"binary-expr","locations":[{"start":{"line":203,"column":32},"end":{"line":203,"column":37}},{"start":{"line":203,"column":41},"end":{"line":203,"column":59}}],"line":203},"9":{"loc":{"start":{"line":222,"column":37},"end":{"line":222,"column":113}},"type":"cond-expr","locations":[{"start":{"line":222,"column":57},"end":{"line":222,"column":84}},{"start":{"line":222,"column":87},"end":{"line":222,"column":113}}],"line":222}},"s":{"0":0,"1":0,"2":0,"3":0,"4":0,"5":0,"6":0,"7":0,"8":0,"9":0,"10":0,"11":0,"12":0,"13":0,"14":0,"15":0,"16":0,"17":0,"18":0,"19":0,"20":0,"21":0,"22":0,"23":0,"24":0,"25":0,"26":0,"27":0,"28":0,"29":0,"30":0,"31":0,"32":0},"f":{"0":0,"1":0,"2":0,"3":0,"4":0,"5":0,"6":0,"7":0,"8":0},"b":{"0":[0,0],"1":[0,0],"2":[0,0],"3":[0,0],"4":[0,0],"5":[0,0],"6":[0,0],"7":[0,0],"8":[0,0],"9":[0,0]}}
,"C:\\Users\\tathianesouza\\Documents\\Github\\delivery-manager-front\\src\\pages\\Users\\Form\\styles.ts": {"path":"C:\\Users\\tathianesouza\\Documents\\Github\\delivery-manager-front\\src\\pages\\Users\\Form\\styles.ts","statementMap":{"0":{"start":{"line":4,"column":17},"end":{"line":4,"column":21}},"1":{"start":{"line":6,"column":25},"end":{"line":17,"column":1}},"2":{"start":{"line":19,"column":27},"end":{"line":25,"column":1}},"3":{"start":{"line":27,"column":28},"end":{"line":34,"column":1}},"4":{"start":{"line":37,"column":24},"end":{"line":72,"column":1}},"5":{"start":{"line":74,"column":25},"end":{"line":88,"column":1}},"6":{"start":{"line":90,"column":28},"end":{"line":102,"column":1}},"7":{"start":{"line":104,"column":25},"end":{"line":126,"column":1}},"8":{"start":{"line":129,"column":31},"end":{"line":135,"column":1}}},"fnMap":{},"branchMap":{},"s":{"0":0,"1":0,"2":0,"3":0,"4":0,"5":0,"6":0,"7":0,"8":0},"f":{},"b":{}}
,"C:\\Users\\tathianesouza\\Documents\\Github\\delivery-manager-front\\src\\pages\\Users\\List\\index.tsx": {"path":"C:\\Users\\tathianesouza\\Documents\\Github\\delivery-manager-front\\src\\pages\\Users\\List\\index.tsx","statementMap":{"0":{"start":{"line":11,"column":27},"end":{"line":11,"column":43}},"1":{"start":{"line":12,"column":28},"end":{"line":12,"column":43}},"2":{"start":{"line":14,"column":2},"end":{"line":22,"column":9}},"3":{"start":{"line":15,"column":4},"end":{"line":20,"column":8}},"4":{"start":{"line":16,"column":6},"end":{"line":16,"column":25}},"5":{"start":{"line":25,"column":2},"end":{"line":31,"column":4}}},"fnMap":{"0":{"name":"UserList","decl":{"start":{"line":8,"column":16},"end":{"line":8,"column":24}},"loc":{"start":{"line":8,"column":27},"end":{"line":32,"column":1}},"line":8},"1":{"name":"(anonymous_1)","decl":{"start":{"line":14,"column":12},"end":{"line":14,"column":13}},"loc":{"start":{"line":14,"column":18},"end":{"line":22,"column":3}},"line":14},"2":{"name":"(anonymous_2)","decl":{"start":{"line":15,"column":20},"end":{"line":15,"column":21}},"loc":{"start":{"line":15,"column":28},"end":{"line":17,"column":5}},"line":15},"3":{"name":"(anonymous_3)","decl":{"start":{"line":18,"column":13},"end":{"line":18,"column":14}},"loc":{"start":{"line":18,"column":22},"end":{"line":20,"column":7}},"line":18}},"branchMap":{},"s":{"0":0,"1":0,"2":0,"3":0,"4":0,"5":0},"f":{"0":0,"1":0,"2":0,"3":0},"b":{}}
,"C:\\Users\\tathianesouza\\Documents\\Github\\delivery-manager-front\\src\\routes\\Routes.tsx": {"path":"C:\\Users\\tathianesouza\\Documents\\Github\\delivery-manager-front\\src\\routes\\Routes.tsx","statementMap":{"0":{"start":{"line":18,"column":14},"end":{"line":22,"column":1}},"1":{"start":{"line":24,"column":25},"end":{"line":73,"column":1}},"2":{"start":{"line":26,"column":32},"end":{"line":26,"column":48}},"3":{"start":{"line":28,"column":2},"end":{"line":72,"column":4}}},"fnMap":{"0":{"name":"(anonymous_0)","decl":{"start":{"line":24,"column":25},"end":{"line":24,"column":26}},"loc":{"start":{"line":24,"column":31},"end":{"line":73,"column":1}},"line":24}},"branchMap":{"0":{"loc":{"start":{"line":39,"column":7},"end":{"line":45,"column":11}},"type":"binary-expr","locations":[{"start":{"line":39,"column":7},"end":{"line":39,"column":23}},{"start":{"line":40,"column":8},"end":{"line":45,"column":11}}],"line":39},"1":{"loc":{"start":{"line":48,"column":7},"end":{"line":60,"column":11}},"type":"binary-expr","locations":[{"start":{"line":48,"column":7},"end":{"line":48,"column":26}},{"start":{"line":49,"column":8},"end":{"line":60,"column":11}}],"line":48},"2":{"loc":{"start":{"line":64,"column":7},"end":{"line":64,"column":62}},"type":"binary-expr","locations":[{"start":{"line":64,"column":7},"end":{"line":64,"column":17}},{"start":{"line":64,"column":21},"end":{"line":64,"column":62}}],"line":64}},"s":{"0":0,"1":0,"2":0,"3":0},"f":{"0":0},"b":{"0":[0,0],"1":[0,0],"2":[0,0]}}
,"C:\\Users\\tathianesouza\\Documents\\Github\\delivery-manager-front\\src\\services\\auth.ts": {"path":"C:\\Users\\tathianesouza\\Documents\\Github\\delivery-manager-front\\src\\services\\auth.ts","statementMap":{"0":{"start":{"line":4,"column":2},"end":{"line":9,"column":3}},"1":{"start":{"line":5,"column":22},"end":{"line":5,"column":76}},"2":{"start":{"line":6,"column":6},"end":{"line":6,"column":26}},"3":{"start":{"line":8,"column":6},"end":{"line":8,"column":18}}},"fnMap":{"0":{"name":"LoginRequest","decl":{"start":{"line":3,"column":22},"end":{"line":3,"column":34}},"loc":{"start":{"line":3,"column":68},"end":{"line":10,"column":1}},"line":3}},"branchMap":{},"s":{"0":0,"1":0,"2":0,"3":0},"f":{"0":0},"b":{}}
,"C:\\Users\\tathianesouza\\Documents\\Github\\delivery-manager-front\\src\\services\\company-service.ts": {"path":"C:\\Users\\tathianesouza\\Documents\\Github\\delivery-manager-front\\src\\services\\company-service.ts","statementMap":{"0":{"start":{"line":4,"column":29},"end":{"line":6,"column":1}},"1":{"start":{"line":5,"column":2},"end":{"line":5,"column":84}},"2":{"start":{"line":5,"column":69},"end":{"line":5,"column":82}}},"fnMap":{"0":{"name":"(anonymous_0)","decl":{"start":{"line":4,"column":29},"end":{"line":4,"column":30}},"loc":{"start":{"line":4,"column":49},"end":{"line":6,"column":1}},"line":4},"1":{"name":"(anonymous_1)","decl":{"start":{"line":5,"column":50},"end":{"line":5,"column":51}},"loc":{"start":{"line":5,"column":69},"end":{"line":5,"column":82}},"line":5}},"branchMap":{},"s":{"0":0,"1":0,"2":0},"f":{"0":0,"1":0},"b":{}}
,"C:\\Users\\tathianesouza\\Documents\\Github\\delivery-manager-front\\src\\services\\employee-service.ts": {"path":"C:\\Users\\tathianesouza\\Documents\\Github\\delivery-manager-front\\src\\services\\employee-service.ts","statementMap":{"0":{"start":{"line":4,"column":30},"end":{"line":6,"column":1}},"1":{"start":{"line":5,"column":2},"end":{"line":5,"column":85}},"2":{"start":{"line":5,"column":70},"end":{"line":5,"column":83}}},"fnMap":{"0":{"name":"(anonymous_0)","decl":{"start":{"line":4,"column":30},"end":{"line":4,"column":31}},"loc":{"start":{"line":4,"column":51},"end":{"line":6,"column":1}},"line":4},"1":{"name":"(anonymous_1)","decl":{"start":{"line":5,"column":51},"end":{"line":5,"column":52}},"loc":{"start":{"line":5,"column":70},"end":{"line":5,"column":83}},"line":5}},"branchMap":{},"s":{"0":0,"1":0,"2":0},"f":{"0":0,"1":0},"b":{}}
,"C:\\Users\\tathianesouza\\Documents\\Github\\delivery-manager-front\\src\\services\\helper.ts": {"path":"C:\\Users\\tathianesouza\\Documents\\Github\\delivery-manager-front\\src\\services\\helper.ts","statementMap":{"0":{"start":{"line":4,"column":24},"end":{"line":4,"column":47}},"1":{"start":{"line":6,"column":23},"end":{"line":8,"column":2}},"2":{"start":{"line":10,"column":28},"end":{"line":16,"column":2}},"3":{"start":{"line":18,"column":0},"end":{"line":27,"column":2}},"4":{"start":{"line":20,"column":18},"end":{"line":20,"column":40}},"5":{"start":{"line":21,"column":4},"end":{"line":23,"column":5}},"6":{"start":{"line":22,"column":6},"end":{"line":22,"column":55}},"7":{"start":{"line":24,"column":4},"end":{"line":24,"column":18}},"8":{"start":{"line":26,"column":13},"end":{"line":26,"column":34}}},"fnMap":{"0":{"name":"(anonymous_0)","decl":{"start":{"line":19,"column":2},"end":{"line":19,"column":3}},"loc":{"start":{"line":19,"column":14},"end":{"line":25,"column":3}},"line":19},"1":{"name":"(anonymous_1)","decl":{"start":{"line":26,"column":2},"end":{"line":26,"column":3}},"loc":{"start":{"line":26,"column":13},"end":{"line":26,"column":34}},"line":26}},"branchMap":{"0":{"loc":{"start":{"line":21,"column":4},"end":{"line":23,"column":5}},"type":"if","locations":[{"start":{"line":21,"column":4},"end":{"line":23,"column":5}},{"start":{},"end":{}}],"line":21}},"s":{"0":0,"1":0,"2":0,"3":0,"4":0,"5":0,"6":0,"7":0,"8":0},"f":{"0":0,"1":0},"b":{"0":[0,0]}}
,"C:\\Users\\tathianesouza\\Documents\\Github\\delivery-manager-front\\src\\services\\user-service.ts": {"path":"C:\\Users\\tathianesouza\\Documents\\Github\\delivery-manager-front\\src\\services\\user-service.ts","statementMap":{"0":{"start":{"line":3,"column":23},"end":{"line":5,"column":1}},"1":{"start":{"line":4,"column":2},"end":{"line":4,"column":84}},"2":{"start":{"line":4,"column":69},"end":{"line":4,"column":82}},"3":{"start":{"line":7,"column":24},"end":{"line":9,"column":1}},"4":{"start":{"line":8,"column":2},"end":{"line":8,"column":74}},"5":{"start":{"line":8,"column":59},"end":{"line":8,"column":72}},"6":{"start":{"line":11,"column":24},"end":{"line":25,"column":1}},"7":{"start":{"line":12,"column":2},"end":{"line":24,"column":7}},"8":{"start":{"line":13,"column":26},"end":{"line":13,"column":46}},"9":{"start":{"line":15,"column":6},"end":{"line":23,"column":7}},"10":{"start":{"line":16,"column":8},"end":{"line":16,"column":37}},"11":{"start":{"line":17,"column":13},"end":{"line":23,"column":7}},"12":{"start":{"line":19,"column":8},"end":{"line":19,"column":17}},"13":{"start":{"line":22,"column":8},"end":{"line":22,"column":17}}},"fnMap":{"0":{"name":"(anonymous_0)","decl":{"start":{"line":3,"column":23},"end":{"line":3,"column":24}},"loc":{"start":{"line":3,"column":43},"end":{"line":5,"column":1}},"line":3},"1":{"name":"(anonymous_1)","decl":{"start":{"line":4,"column":50},"end":{"line":4,"column":51}},"loc":{"start":{"line":4,"column":69},"end":{"line":4,"column":82}},"line":4},"2":{"name":"(anonymous_2)","decl":{"start":{"line":7,"column":24},"end":{"line":7,"column":25}},"loc":{"start":{"line":7,"column":30},"end":{"line":9,"column":1}},"line":7},"3":{"name":"(anonymous_3)","decl":{"start":{"line":8,"column":40},"end":{"line":8,"column":41}},"loc":{"start":{"line":8,"column":59},"end":{"line":8,"column":72}},"line":8},"4":{"name":"(anonymous_4)","decl":{"start":{"line":11,"column":24},"end":{"line":11,"column":25}},"loc":{"start":{"line":11,"column":30},"end":{"line":25,"column":1}},"line":11},"5":{"name":"(anonymous_5)","decl":{"start":{"line":13,"column":10},"end":{"line":13,"column":11}},"loc":{"start":{"line":13,"column":24},"end":{"line":13,"column":48}},"line":13},"6":{"name":"(anonymous_6)","decl":{"start":{"line":14,"column":11},"end":{"line":14,"column":12}},"loc":{"start":{"line":14,"column":28},"end":{"line":24,"column":5}},"line":14}},"branchMap":{"0":{"loc":{"start":{"line":15,"column":6},"end":{"line":23,"column":7}},"type":"if","locations":[{"start":{"line":15,"column":6},"end":{"line":23,"column":7}},{"start":{"line":17,"column":13},"end":{"line":23,"column":7}}],"line":15},"1":{"loc":{"start":{"line":17,"column":13},"end":{"line":23,"column":7}},"type":"if","locations":[{"start":{"line":17,"column":13},"end":{"line":23,"column":7}},{"start":{"line":20,"column":13},"end":{"line":23,"column":7}}],"line":17}},"s":{"0":0,"1":0,"2":0,"3":0,"4":0,"5":0,"6":0,"7":0,"8":0,"9":0,"10":0,"11":0,"12":0,"13":0},"f":{"0":0,"1":0,"2":0,"3":0,"4":0,"5":0,"6":0},"b":{"0":[0,0],"1":[0,0]}}
,"C:\\Users\\tathianesouza\\Documents\\Github\\delivery-manager-front\\src\\styles\\global.ts": {"path":"C:\\Users\\tathianesouza\\Documents\\Github\\delivery-manager-front\\src\\styles\\global.ts","statementMap":{"0":{"start":{"line":4,"column":27},"end":{"line":97,"column":1}},"1":{"start":{"line":99,"column":25},"end":{"line":106,"column":1}},"2":{"start":{"line":108,"column":19},"end":{"line":117,"column":1}},"3":{"start":{"line":119,"column":28},"end":{"line":131,"column":1}}},"fnMap":{},"branchMap":{},"s":{"0":0,"1":0,"2":0,"3":0},"f":{},"b":{}}
,"C:\\Users\\tathianesouza\\Documents\\Github\\delivery-manager-front\\src\\tests\\App.testee.tsx": {"path":"C:\\Users\\tathianesouza\\Documents\\Github\\delivery-manager-front\\src\\tests\\App.testee.tsx","statementMap":{},"fnMap":{},"branchMap":{},"s":{},"f":{},"b":{}}
}
