{"C:\\Users\\tathianesouza\\Documents\\Github\\delivery-manager-front\\src\\components\\ProtectedRoutes\\index.tsx": {"path":"C:\\Users\\tathianesouza\\Documents\\Github\\delivery-manager-front\\src\\components\\ProtectedRoutes\\index.tsx","statementMap":{"0":{"start":{"line":28,"column":33},"end":{"line":35,"column":5}},"1":{"start":{"line":29,"column":29},"end":{"line":29,"column":45}},"2":{"start":{"line":30,"column":4},"end":{"line":34,"column":40}},"3":{"start":{"line":30,"column":48},"end":{"line":30,"column":76}}},"fnMap":{"0":{"name":"(anonymous_0)","decl":{"start":{"line":28,"column":33},"end":{"line":28,"column":34}},"loc":{"start":{"line":28,"column":60},"end":{"line":35,"column":5}},"line":28},"1":{"name":"(anonymous_1)","decl":{"start":{"line":30,"column":40},"end":{"line":30,"column":41}},"loc":{"start":{"line":30,"column":48},"end":{"line":30,"column":76}},"line":30}},"branchMap":{"0":{"loc":{"start":{"line":30,"column":11},"end":{"line":34,"column":40}},"type":"cond-expr","locations":[{"start":{"line":31,"column":14},"end":{"line":31,"column":24}},{"start":{"line":32,"column":14},"end":{"line":34,"column":40}}],"line":30},"1":{"loc":{"start":{"line":30,"column":11},"end":{"line":30,"column":77}},"type":"binary-expr","locations":[{"start":{"line":30,"column":11},"end":{"line":30,"column":17}},{"start":{"line":30,"column":21},"end":{"line":30,"column":77}}],"line":30},"2":{"loc":{"start":{"line":32,"column":14},"end":{"line":34,"column":40}},"type":"cond-expr","locations":[{"start":{"line":33,"column":16},"end":{"line":33,"column":47}},{"start":{"line":34,"column":16},"end":{"line":34,"column":40}}],"line":32}},"s":{"0":0,"1":0,"2":0,"3":0},"f":{"0":0,"1":0},"b":{"0":[0,0],"1":[0,0],"2":[0,0]}}
,"C:\\Users\\tathianesouza\\Documents\\Github\\delivery-manager-front\\src\\pages\\Couriers\\index.tsx": {"path":"C:\\Users\\tathianesouza\\Documents\\Github\\delivery-manager-front\\src\\pages\\Couriers\\index.tsx","statementMap":{"0":{"start":{"line":4,"column":2},"end":{"line":12,"column":4}}},"fnMap":{"0":{"name":"Couriers","decl":{"start":{"line":2,"column":16},"end":{"line":2,"column":24}},"loc":{"start":{"line":2,"column":27},"end":{"line":13,"column":1}},"line":2}},"branchMap":{},"s":{"0":1},"f":{"0":1},"b":{},"_coverageSchema":"1a1c01bbd47fc00a2c39e90264f33305004495a9","hash":"af550160449cfbf66651646d081690620a4131ec"}
,"C:\\Users\\tathianesouza\\Documents\\Github\\delivery-manager-front\\src\\pages\\Users\\Form\\index.tsx": {"path":"C:\\Users\\tathianesouza\\Documents\\Github\\delivery-manager-front\\src\\pages\\Users\\Form\\index.tsx","statementMap":{"0":{"start":{"line":13,"column":24},"end":{"line":249,"column":1}},"1":{"start":{"line":14,"column":19},"end":{"line":14,"column":32}},"2":{"start":{"line":15,"column":48},"end":{"line":15,"column":66}},"3":{"start":{"line":16,"column":52},"end":{"line":16,"column":67}},"4":{"start":{"line":18,"column":30},"end":{"line":20,"column":26}},"5":{"start":{"line":23,"column":4},"end":{"line":23,"column":22}},"6":{"start":{"line":27,"column":4},"end":{"line":45,"column":5}},"7":{"start":{"line":28,"column":6},"end":{"line":35,"column":7}},"8":{"start":{"line":37,"column":6},"end":{"line":44,"column":7}},"9":{"start":{"line":47,"column":4},"end":{"line":47,"column":27}},"10":{"start":{"line":48,"column":4},"end":{"line":57,"column":5}},"11":{"start":{"line":49,"column":6},"end":{"line":49,"column":93}},"12":{"start":{"line":50,"column":6},"end":{"line":50,"column":35}},"13":{"start":{"line":51,"column":6},"end":{"line":51,"column":25}},"14":{"start":{"line":53,"column":6},"end":{"line":53,"column":36}},"15":{"start":{"line":54,"column":6},"end":{"line":56,"column":15}},"16":{"start":{"line":55,"column":8},"end":{"line":55,"column":36}},"17":{"start":{"line":60,"column":26},"end":{"line":62,"column":3}},"18":{"start":{"line":61,"column":4},"end":{"line":61,"column":23}},"19":{"start":{"line":64,"column":2},"end":{"line":248,"column":4}},"20":{"start":{"line":154,"column":46},"end":{"line":161,"column":23}},"21":{"start":{"line":156,"column":26},"end":{"line":158,"column":27}},"22":{"start":{"line":157,"column":28},"end":{"line":157,"column":53}},"23":{"start":{"line":159,"column":26},"end":{"line":159,"column":88}},"24":{"start":{"line":180,"column":42},"end":{"line":180,"column":61}},"25":{"start":{"line":181,"column":28},"end":{"line":181,"column":85}},"26":{"start":{"line":181,"column":60},"end":{"line":181,"column":85}},"27":{"start":{"line":182,"column":28},"end":{"line":182,"column":78}},"28":{"start":{"line":202,"column":42},"end":{"line":202,"column":60}},"29":{"start":{"line":203,"column":28},"end":{"line":203,"column":86}},"30":{"start":{"line":203,"column":61},"end":{"line":203,"column":86}},"31":{"start":{"line":204,"column":28},"end":{"line":204,"column":77}},"32":{"start":{"line":222,"column":37},"end":{"line":222,"column":113}}},"fnMap":{"0":{"name":"(anonymous_0)","decl":{"start":{"line":13,"column":24},"end":{"line":13,"column":25}},"loc":{"start":{"line":13,"column":30},"end":{"line":249,"column":1}},"line":13},"1":{"name":"onFinish","decl":{"start":{"line":22,"column":17},"end":{"line":22,"column":25}},"loc":{"start":{"line":22,"column":39},"end":{"line":58,"column":3}},"line":22},"2":{"name":"(anonymous_2)","decl":{"start":{"line":54,"column":17},"end":{"line":54,"column":18}},"loc":{"start":{"line":54,"column":23},"end":{"line":56,"column":7}},"line":54},"3":{"name":"(anonymous_3)","decl":{"start":{"line":60,"column":26},"end":{"line":60,"column":27}},"loc":{"start":{"line":60,"column":32},"end":{"line":62,"column":3}},"line":60},"4":{"name":"(anonymous_4)","decl":{"start":{"line":154,"column":22},"end":{"line":154,"column":23}},"loc":{"start":{"line":154,"column":46},"end":{"line":161,"column":23}},"line":154},"5":{"name":"(anonymous_5)","decl":{"start":{"line":155,"column":24},"end":{"line":155,"column":25}},"loc":{"start":{"line":155,"column":44},"end":{"line":160,"column":25}},"line":155},"6":{"name":"(anonymous_6)","decl":{"start":{"line":179,"column":37},"end":{"line":179,"column":38}},"loc":{"start":{"line":179,"column":51},"end":{"line":183,"column":27}},"line":179},"7":{"name":"(anonymous_7)","decl":{"start":{"line":201,"column":37},"end":{"line":201,"column":38}},"loc":{"start":{"line":201,"column":51},"end":{"line":205,"column":27}},"line":201},"8":{"name":"(anonymous_8)","decl":{"start":{"line":222,"column":31},"end":{"line":222,"column":32}},"loc":{"start":{"line":222,"column":37},"end":{"line":222,"column":113}},"line":222}},"branchMap":{"0":{"loc":{"start":{"line":27,"column":4},"end":{"line":45,"column":5}},"type":"if","locations":[{"start":{"line":27,"column":4},"end":{"line":45,"column":5}},{"start":{"line":36,"column":11},"end":{"line":45,"column":5}}],"line":27},"1":{"loc":{"start":{"line":33,"column":13},"end":{"line":33,"column":50}},"type":"binary-expr","locations":[{"start":{"line":33,"column":13},"end":{"line":33,"column":44}},{"start":{"line":33,"column":48},"end":{"line":33,"column":50}}],"line":33},"2":{"loc":{"start":{"line":49,"column":6},"end":{"line":49,"column":92}},"type":"cond-expr","locations":[{"start":{"line":49,"column":26},"end":{"line":49,"column":58}},{"start":{"line":49,"column":61},"end":{"line":49,"column":92}}],"line":49},"3":{"loc":{"start":{"line":156,"column":26},"end":{"line":158,"column":27}},"type":"if","locations":[{"start":{"line":156,"column":26},"end":{"line":158,"column":27}},{"start":{},"end":{}}],"line":156},"4":{"loc":{"start":{"line":156,"column":30},"end":{"line":156,"column":75}},"type":"binary-expr","locations":[{"start":{"line":156,"column":30},"end":{"line":156,"column":36}},{"start":{"line":156,"column":40},"end":{"line":156,"column":75}}],"line":156},"5":{"loc":{"start":{"line":181,"column":28},"end":{"line":181,"column":85}},"type":"if","locations":[{"start":{"line":181,"column":28},"end":{"line":181,"column":85}},{"start":{},"end":{}}],"line":181},"6":{"loc":{"start":{"line":181,"column":32},"end":{"line":181,"column":58}},"type":"binary-expr","locations":[{"start":{"line":181,"column":32},"end":{"line":181,"column":37}},{"start":{"line":181,"column":41},"end":{"line":181,"column":58}}],"line":181},"7":{"loc":{"start":{"line":203,"column":28},"end":{"line":203,"column":86}},"type":"if","locations":[{"start":{"line":203,"column":28},"end":{"line":203,"column":86}},{"start":{},"end":{}}],"line":203},"8":{"loc":{"start":{"line":203,"column":32},"end":{"line":203,"column":59}},"type":"binary-expr","locations":[{"start":{"line":203,"column":32},"end":{"line":203,"column":37}},{"start":{"line":203,"column":41},"end":{"line":203,"column":59}}],"line":203},"9":{"loc":{"start":{"line":222,"column":37},"end":{"line":222,"column":113}},"type":"cond-expr","locations":[{"start":{"line":222,"column":57},"end":{"line":222,"column":84}},{"start":{"line":222,"column":87},"end":{"line":222,"column":113}}],"line":222}},"s":{"0":0,"1":0,"2":0,"3":0,"4":0,"5":0,"6":0,"7":0,"8":0,"9":0,"10":0,"11":0,"12":0,"13":0,"14":0,"15":0,"16":0,"17":0,"18":0,"19":0,"20":0,"21":0,"22":0,"23":0,"24":0,"25":0,"26":0,"27":0,"28":0,"29":0,"30":0,"31":0,"32":0},"f":{"0":0,"1":0,"2":0,"3":0,"4":0,"5":0,"6":0,"7":0,"8":0},"b":{"0":[0,0],"1":[0,0],"2":[0,0],"3":[0,0],"4":[0,0],"5":[0,0],"6":[0,0],"7":[0,0],"8":[0,0],"9":[0,0]}}
,"C:\\Users\\tathianesouza\\Documents\\Github\\delivery-manager-front\\src\\tests\\App.testee.tsx": {"path":"C:\\Users\\tathianesouza\\Documents\\Github\\delivery-manager-front\\src\\tests\\App.testee.tsx","statementMap":{},"fnMap":{},"branchMap":{},"s":{},"f":{},"b":{}}
}
