TN:
SF:src\App.tsx
FN:9,App
FNF:1
FNH:0
FNDA:0,App
DA:10,0
LF:1
LH:0
BRF:0
BRH:0
end_of_record
TN:
SF:src\index.tsx
FNF:0
FNH:0
DA:8,0
DA:11,0
DA:20,0
LF:3
LH:0
BRF:0
BRH:0
end_of_record
TN:
SF:src\reportWebVitals.ts
FN:3,(anonymous_0)
FN:5,(anonymous_1)
FNF:2
FNH:0
FNDA:0,(anonymous_0)
FNDA:0,(anonymous_1)
DA:3,0
DA:4,0
DA:5,0
DA:6,0
DA:7,0
DA:8,0
DA:9,0
DA:10,0
LF:8
LH:0
BRDA:4,0,0,0
BRDA:4,0,1,0
BRDA:4,1,0,0
BRDA:4,1,1,0
BRF:4
BRH:0
end_of_record
TN:
SF:src\auth\index.ts
FN:5,(anonymous_0)
FN:11,(anonymous_1)
FN:15,(anonymous_2)
FN:19,(anonymous_3)
FN:27,(anonymous_4)
FN:35,(anonymous_5)
FNF:6
FNH:0
FNDA:0,(anonymous_0)
FNDA:0,(anonymous_1)
FNDA:0,(anonymous_2)
FNDA:0,(anonymous_3)
FNDA:0,(anonymous_4)
FNDA:0,(anonymous_5)
DA:5,0
DA:6,0
DA:7,0
DA:8,0
DA:11,0
DA:12,0
DA:15,0
DA:16,0
DA:19,0
DA:20,0
DA:21,0
DA:23,0
DA:27,0
DA:28,0
DA:29,0
DA:31,0
DA:35,0
DA:36,0
DA:38,0
DA:39,0
DA:42,0
DA:43,0
LF:22
LH:0
BRDA:7,0,0,0
BRDA:7,0,1,0
BRDA:20,1,0,0
BRDA:20,1,1,0
BRDA:21,2,0,0
BRDA:21,2,1,0
BRDA:28,3,0,0
BRDA:28,3,1,0
BRDA:29,4,0,0
BRDA:29,4,1,0
BRDA:38,5,0,0
BRDA:38,5,1,0
BRDA:43,6,0,0
BRDA:43,6,1,0
BRF:14
BRH:0
end_of_record
TN:
SF:src\components\Alerts\ErrorAlert.tsx
FN:3,Msg
FN:11,preNotification
FN:21,ErrorAlert
FNF:3
FNH:0
FNDA:0,Msg
FNDA:0,preNotification
FNDA:0,ErrorAlert
DA:4,0
DA:12,0
DA:13,0
DA:22,0
DA:23,0
LF:5
LH:0
BRF:0
BRH:0
end_of_record
TN:
SF:src\components\Alerts\SuccessAlert.tsx
FN:3,Msg
FN:11,preNotification
FN:21,SuccessAlert
FNF:3
FNH:0
FNDA:0,Msg
FNDA:0,preNotification
FNDA:0,SuccessAlert
DA:4,0
DA:12,0
DA:13,0
DA:22,0
DA:23,0
LF:5
LH:0
BRF:0
BRH:0
end_of_record
TN:
SF:src\components\BreadCrumb\index.tsx
FN:6,BreadCrumb
FN:14,(anonymous_1)
FN:16,(anonymous_2)
FN:20,(anonymous_3)
FN:30,(anonymous_4)
FN:38,(anonymous_5)
FNF:6
FNH:0
FNDA:0,BreadCrumb
FNDA:0,(anonymous_1)
FNDA:0,(anonymous_2)
FNDA:0,(anonymous_3)
FNDA:0,(anonymous_4)
FNDA:0,(anonymous_5)
DA:7,0
DA:13,0
DA:14,0
DA:16,0
DA:17,0
DA:20,0
DA:21,0
DA:30,0
DA:31,0
DA:38,0
DA:39,0
DA:40,0
DA:41,0
DA:46,0
DA:47,0
DA:54,0
DA:55,0
DA:56,0
DA:58,0
DA:61,0
DA:62,0
DA:64,0
DA:70,0
DA:78,0
LF:24
LH:0
BRDA:17,0,0,0
BRDA:17,0,1,0
BRDA:24,1,0,0
BRDA:24,1,1,0
BRDA:33,2,0,0
BRDA:33,2,1,0
BRDA:40,3,0,0
BRDA:40,3,1,0
BRDA:46,4,0,0
BRDA:46,4,1,0
BRDA:46,5,0,0
BRDA:46,5,1,0
BRDA:54,6,0,0
BRDA:54,6,1,0
BRDA:55,7,0,0
BRDA:55,7,1,0
BRDA:61,8,0,0
BRDA:61,8,1,0
BRDA:61,9,0,0
BRDA:61,9,1,0
BRF:20
BRH:0
end_of_record
TN:
SF:src\components\Layout\index.tsx
FN:16,(anonymous_0)
FN:60,(anonymous_1)
FN:66,getItem
FNF:3
FNH:0
FNDA:0,(anonymous_0)
FNDA:0,(anonymous_1)
FNDA:0,getItem
DA:16,0
DA:18,0
DA:19,0
DA:20,0
DA:60,0
DA:61,0
DA:74,0
DA:84,0
DA:102,0
DA:107,0
LF:10
LH:0
BRDA:123,0,0,0
BRDA:123,0,1,0
BRF:2
BRH:0
end_of_record
TN:
SF:src\components\Layout\styles.ts
FNF:0
FNH:0
DA:4,0
DA:5,0
DA:7,0
DA:12,0
DA:16,0
DA:22,0
DA:27,0
DA:33,0
DA:40,0
DA:63,0
DA:168,0
DA:172,0
LF:12
LH:0
BRF:0
BRH:0
end_of_record
TN:
SF:src\components\ProtectedRoutes\index.tsx
FN:28,(anonymous_0)
FN:30,(anonymous_1)
FNF:2
FNH:0
FNDA:0,(anonymous_0)
FNDA:0,(anonymous_1)
DA:28,0
DA:29,0
DA:30,0
LF:3
LH:0
BRDA:30,0,0,0
BRDA:30,0,1,0
BRDA:30,1,0,0
BRDA:30,1,1,0
BRDA:32,2,0,0
BRDA:32,2,1,0
BRF:6
BRH:0
end_of_record
TN:
SF:src\components\PublicRoutes\index.tsx
FN:5,(anonymous_0)
FNF:1
FNH:0
FNDA:0,(anonymous_0)
DA:5,0
DA:8,0
LF:2
LH:0
BRF:0
BRH:0
end_of_record
TN:
SF:src\components\Tables\User\index.tsx
FN:12,UserTable
FN:29,(anonymous_1)
FN:41,(anonymous_2)
FN:45,(anonymous_3)
FN:63,(anonymous_4)
FNF:5
FNH:0
FNDA:0,UserTable
FNDA:0,(anonymous_1)
FNDA:0,(anonymous_2)
FNDA:0,(anonymous_3)
FNDA:0,(anonymous_4)
DA:14,0
DA:16,0
DA:30,0
DA:42,0
DA:63,0
DA:64,0
DA:65,0
DA:67,0
DA:68,0
DA:70,0
DA:73,0
LF:11
LH:0
BRDA:64,0,0,0
BRDA:64,0,1,0
BRDA:67,1,0,0
BRDA:67,1,1,0
BRF:4
BRH:0
end_of_record
TN:
SF:src\components\Tables\User\styles.ts
FNF:0
FNH:0
DA:5,0
LF:1
LH:0
BRF:0
BRH:0
end_of_record
TN:
SF:src\context\auth\AuthProvider.tsx
FN:9,(anonymous_0)
FN:13,(anonymous_1)
FN:21,authenticate
FN:29,logout
FNF:4
FNH:0
FNDA:0,(anonymous_0)
FNDA:0,(anonymous_1)
FNDA:0,authenticate
FNDA:0,logout
DA:7,0
DA:9,0
DA:10,0
DA:11,0
DA:13,0
DA:14,0
DA:15,0
DA:16,0
DA:17,0
DA:22,0
DA:23,0
DA:25,0
DA:26,0
DA:30,0
DA:31,0
DA:34,0
LF:16
LH:0
BRDA:16,0,0,0
BRDA:16,0,1,0
BRF:2
BRH:0
end_of_record
TN:
SF:src\context\auth\useContextAuth.tsx
FN:4,(anonymous_0)
FNF:1
FNH:0
FNDA:0,(anonymous_0)
DA:4,0
DA:5,0
DA:6,0
LF:3
LH:0
BRF:0
BRH:0
end_of_record
TN:
SF:src\interfaces\IAuth.tsx
FNF:0
FNH:0
LF:0
LH:0
BRF:0
BRH:0
end_of_record
TN:
SF:src\interfaces\ICompany.tsx
FNF:0
FNH:0
LF:0
LH:0
BRF:0
BRH:0
end_of_record
TN:
SF:src\interfaces\IEmployee.tsx
FNF:0
FNH:0
LF:0
LH:0
BRF:0
BRH:0
end_of_record
TN:
SF:src\interfaces\IUser.tsx
FNF:0
FNH:0
LF:0
LH:0
BRF:0
BRH:0
end_of_record
TN:
SF:src\pages\Couriers\index.tsx
FN:2,Couriers
FNF:1
FNH:1
FNDA:1,Couriers
DA:4,1
LF:1
LH:1
BRF:0
BRH:0
end_of_record
TN:
SF:src\pages\Home\index.tsx
FN:7,Home
FNF:1
FNH:0
FNDA:0,Home
DA:10,0
DA:12,0
LF:2
LH:0
BRF:0
BRH:0
end_of_record
TN:
SF:src\pages\Index\index.tsx
FN:7,Index
FN:30,(anonymous_1)
FNF:2
FNH:0
FNDA:0,Index
FNDA:0,(anonymous_1)
DA:10,0
DA:11,0
DA:25,0
DA:31,0
DA:32,0
LF:5
LH:0
BRDA:30,0,0,0
BRDA:30,0,1,0
BRF:2
BRH:0
end_of_record
TN:
SF:src\pages\Login\index.tsx
FN:11,(anonymous_0)
FN:20,onFinish
FN:38,(anonymous_2)
FNF:3
FNH:0
FNDA:0,(anonymous_0)
FNDA:0,onFinish
FNDA:0,(anonymous_2)
DA:11,0
DA:12,0
DA:13,0
DA:21,0
DA:22,0
DA:24,0
DA:25,0
DA:26,0
DA:28,0
DA:30,0
DA:38,0
DA:39,0
DA:41,0
LF:13
LH:0
BRF:0
BRH:0
end_of_record
TN:
SF:src\pages\Login\styles.ts
FNF:0
FNH:0
DA:4,0
DA:6,0
DA:19,0
DA:27,0
DA:36,0
DA:72,0
DA:88,0
DA:102,0
DA:126,0
LF:9
LH:0
BRF:0
BRH:0
end_of_record
TN:
SF:src\pages\NotFound\index.tsx
FN:4,NotFound
FNF:1
FNH:0
FNDA:0,NotFound
DA:6,0
LF:1
LH:0
BRF:0
BRH:0
end_of_record
TN:
SF:src\pages\Settings\index.tsx
FN:5,Settings
FNF:1
FNH:0
FNDA:0,Settings
DA:8,0
DA:10,0
LF:2
LH:0
BRF:0
BRH:0
end_of_record
TN:
SF:src\pages\Unauthorized\index.tsx
FN:5,Unauthorized
FNF:1
FNH:0
FNDA:0,Unauthorized
DA:9,0
LF:1
LH:0
BRF:0
BRH:0
end_of_record
TN:
SF:src\pages\Users\Form\index.tsx
FN:13,(anonymous_0)
FN:22,onFinish
FN:54,(anonymous_2)
FN:60,(anonymous_3)
FN:154,(anonymous_4)
FN:155,(anonymous_5)
FN:179,(anonymous_6)
FN:201,(anonymous_7)
FN:222,(anonymous_8)
FNF:9
FNH:0
FNDA:0,(anonymous_0)
FNDA:0,onFinish
FNDA:0,(anonymous_2)
FNDA:0,(anonymous_3)
FNDA:0,(anonymous_4)
FNDA:0,(anonymous_5)
FNDA:0,(anonymous_6)
FNDA:0,(anonymous_7)
FNDA:0,(anonymous_8)
DA:13,0
DA:14,0
DA:15,0
DA:16,0
DA:18,0
DA:23,0
DA:27,0
DA:28,0
DA:37,0
DA:47,0
DA:48,0
DA:49,0
DA:50,0
DA:51,0
DA:53,0
DA:54,0
DA:55,0
DA:60,0
DA:61,0
DA:64,0
DA:154,0
DA:156,0
DA:157,0
DA:159,0
DA:180,0
DA:181,0
DA:182,0
DA:202,0
DA:203,0
DA:204,0
DA:222,0
LF:31
LH:0
BRDA:27,0,0,0
BRDA:27,0,1,0
BRDA:33,1,0,0
BRDA:33,1,1,0
BRDA:49,2,0,0
BRDA:49,2,1,0
BRDA:156,3,0,0
BRDA:156,3,1,0
BRDA:156,4,0,0
BRDA:156,4,1,0
BRDA:181,5,0,0
BRDA:181,5,1,0
BRDA:181,6,0,0
BRDA:181,6,1,0
BRDA:203,7,0,0
BRDA:203,7,1,0
BRDA:203,8,0,0
BRDA:203,8,1,0
BRDA:222,9,0,0
BRDA:222,9,1,0
BRF:20
BRH:0
end_of_record
TN:
SF:src\pages\Users\Form\styles.ts
FNF:0
FNH:0
DA:4,0
DA:6,0
DA:19,0
DA:27,0
DA:37,0
DA:74,0
DA:90,0
DA:104,0
DA:129,0
LF:9
LH:0
BRF:0
BRH:0
end_of_record
TN:
SF:src\pages\Users\List\index.tsx
FN:8,UserList
FN:14,(anonymous_1)
FN:15,(anonymous_2)
FN:18,(anonymous_3)
FNF:4
FNH:0
FNDA:0,UserList
FNDA:0,(anonymous_1)
FNDA:0,(anonymous_2)
FNDA:0,(anonymous_3)
DA:11,0
DA:12,0
DA:14,0
DA:15,0
DA:16,0
DA:25,0
LF:6
LH:0
BRF:0
BRH:0
end_of_record
TN:
SF:src\routes\Routes.tsx
FN:24,(anonymous_0)
FNF:1
FNH:0
FNDA:0,(anonymous_0)
DA:18,0
DA:24,0
DA:26,0
DA:28,0
LF:4
LH:0
BRDA:39,0,0,0
BRDA:39,0,1,0
BRDA:48,1,0,0
BRDA:48,1,1,0
BRDA:64,2,0,0
BRDA:64,2,1,0
BRF:6
BRH:0
end_of_record
TN:
SF:src\services\auth.ts
FN:3,LoginRequest
FNF:1
FNH:0
FNDA:0,LoginRequest
DA:4,0
DA:5,0
DA:6,0
DA:8,0
LF:4
LH:0
BRF:0
BRH:0
end_of_record
TN:
SF:src\services\company-service.ts
FN:4,(anonymous_0)
FN:5,(anonymous_1)
FNF:2
FNH:0
FNDA:0,(anonymous_0)
FNDA:0,(anonymous_1)
DA:4,0
DA:5,0
LF:2
LH:0
BRF:0
BRH:0
end_of_record
TN:
SF:src\services\employee-service.ts
FN:4,(anonymous_0)
FN:5,(anonymous_1)
FNF:2
FNH:0
FNDA:0,(anonymous_0)
FNDA:0,(anonymous_1)
DA:4,0
DA:5,0
LF:2
LH:0
BRF:0
BRH:0
end_of_record
TN:
SF:src\services\helper.ts
FN:19,(anonymous_0)
FN:26,(anonymous_1)
FNF:2
FNH:0
FNDA:0,(anonymous_0)
FNDA:0,(anonymous_1)
DA:4,0
DA:6,0
DA:10,0
DA:18,0
DA:20,0
DA:21,0
DA:22,0
DA:24,0
DA:26,0
LF:9
LH:0
BRDA:21,0,0,0
BRDA:21,0,1,0
BRF:2
BRH:0
end_of_record
TN:
SF:src\services\user-service.ts
FN:3,(anonymous_0)
FN:4,(anonymous_1)
FN:7,(anonymous_2)
FN:8,(anonymous_3)
FN:11,(anonymous_4)
FN:13,(anonymous_5)
FN:14,(anonymous_6)
FNF:7
FNH:0
FNDA:0,(anonymous_0)
FNDA:0,(anonymous_1)
FNDA:0,(anonymous_2)
FNDA:0,(anonymous_3)
FNDA:0,(anonymous_4)
FNDA:0,(anonymous_5)
FNDA:0,(anonymous_6)
DA:3,0
DA:4,0
DA:7,0
DA:8,0
DA:11,0
DA:12,0
DA:13,0
DA:15,0
DA:16,0
DA:17,0
DA:19,0
DA:22,0
LF:12
LH:0
BRDA:15,0,0,0
BRDA:15,0,1,0
BRDA:17,1,0,0
BRDA:17,1,1,0
BRF:4
BRH:0
end_of_record
TN:
SF:src\styles\global.ts
FNF:0
FNH:0
DA:4,0
DA:99,0
DA:108,0
DA:119,0
LF:4
LH:0
BRF:0
BRH:0
end_of_record
TN:
SF:src\tests\App.testee.tsx
FNF:0
FNH:0
LF:0
LH:0
BRF:0
BRH:0
end_of_record
